Installing libgcc-4.4.7-3.el6.x86_64
warning: libgcc-4.4.7-3.el6.x86_64: Header V3 RSA/SHA1 Signature, key ID c105b9de: NOKEY
Installing fontpackages-filesystem-1.41-1.1.el6.noarch
Installing liberation-fonts-common-1.05.1.20090721-5.el6.noarch
Installing xml-common-0.6.3-32.el6.noarch
Installing iso-codes-3.16-2.el6.noarch
Installing setup-2.8.14-20.el6.noarch
Installing filesystem-2.4.30-3.el6.x86_64
Installing dejavu-fonts-common-2.30-2.el6.noarch
Installing xkeyboard-config-2.6-6.el6.noarch
Installing control-center-filesystem-2.28.1-38.el6.x86_64
Installing paktype-fonts-common-2.0-8.el6.noarch
Installing mesa-dri-filesystem-9.0-0.7.el6.x86_64
Installing ca-certificates-2010.63-3.el6_1.5.noarch
Installing tzdata-2012j-1.el6.noarch
Installing mozilla-filesystem-1.9-5.1.el6.x86_64
Installing foomatic-db-filesystem-4.0-7.20091126.el6.noarch
Installing basesystem-10.0-4.el6.noarch
Installing khmeros-fonts-common-5.0-9.el6.noarch
Installing smc-fonts-common-04.2-11.el6.noarch
Installing thai-scalable-fonts-common-0.4.12-2.1.el6.noarch
Installing un-core-fonts-common-1.0.2-0.15.080608.el6.noarch
Installing vlgothic-fonts-common-20091202-2.el6.noarch
Installing dmz-cursor-themes-0.4-4.el6.noarch
Installing poppler-data-0.4.0-1.el6.noarch
Installing kernel-headers-2.6.32-358.el6.x86_64
Installing ncurses-base-5.7-3.20090208.el6.x86_64
Installing glibc-common-2.12-1.107.el6.x86_64
Installing nss-softokn-freebl-3.12.9-11.el6.x86_64
Installing glibc-2.12-1.107.el6.x86_64
Installing ncurses-libs-5.7-3.20090208.el6.x86_64
Installing bash-4.1.2-14.el6.x86_64
Installing libattr-2.4.44-7.el6.x86_64
Installing libcap-2.16-5.5.el6.x86_64
Installing dbus-libs-1.2.24-7.el6_3.x86_64
Installing freetype-2.3.11-6.el6_2.9.x86_64
Installing zlib-1.2.3-29.el6.x86_64
Installing libxml2-2.7.6-8.el6_3.4.x86_64
Installing libstdc++-4.4.7-3.el6.x86_64
Installing libICE-1.0.6-1.el6.x86_64
Installing info-4.13a-8.el6.x86_64
Installing popt-1.13-7.el6.x86_64
Installing chkconfig-1.3.49.3-2.el6.x86_64
Installing libcom_err-1.41.12-14.el6.x86_64
Installing nspr-4.9.2-1.el6.x86_64
Installing libjpeg-turbo-1.2.1-1.el6.x86_64
Installing audit-libs-2.2-2.el6.x86_64
Installing nss-util-3.14.0.0-2.el6.x86_64
Installing libusb-0.1.12-23.el6.x86_64
Installing libpng-1.2.49-1.el6_2.x86_64
Installing expat-2.0.1-11.el6_2.x86_64
Installing libudev-147-2.46.el6.x86_64
Installing libacl-2.2.49-6.el6.x86_64
Installing bzip2-libs-1.0.5-7.el6_0.x86_64
Installing db4-4.7.25-17.el6.x86_64
Installing avahi-libs-0.6.25-12.el6.x86_64
Installing libuuid-2.17.2-12.9.el6.x86_64
Installing libSM-1.2.1-2.el6.x86_64
Installing tcp_wrappers-libs-7.6-57.el6.x86_64
Installing pkgconfig-0.23-9.1.el6.x86_64
Installing libart_lgpl-2.3.20-5.1.el6.x86_64
Installing libogg-1.1.4-2.1.el6.x86_64
Installing libsepol-2.0.41-4.el6.x86_64
Installing libselinux-2.0.94-5.3.el6.x86_64
Installing glib2-2.22.5-7.el6.x86_64
Installing gamin-0.1.10-9.el6.x86_64
Installing atk-1.28.0-2.el6.x86_64
Installing dbus-glib-0.86-5.el6.x86_64
Installing shadow-utils-4.1.4.2-13.el6.x86_64
Installing desktop-file-utils-0.15-9.el6.x86_64
Installing libgudev1-147-2.46.el6.x86_64
Installing sed-4.2.1-10.el6.x86_64
Installing libtdb-1.2.10-1.el6.x86_64
Installing avahi-glib-0.6.25-12.el6.x86_64
Installing gawk-3.1.7-10.el6.x86_64
Installing elfutils-libelf-0.152-1.el6.x86_64
Installing libexif-0.6.21-5.el6_3.x86_64
Installing libvorbis-1.2.3-4.el6_2.1.x86_64
Installing readline-6.0-4.el6.x86_64
Installing sqlite-3.6.20-1.el6.x86_64
Installing libsigc++20-2.2.4.2-1.el6.x86_64
Installing libblkid-2.17.2-12.9.el6.x86_64
Installing speex-1.2-0.12.rc1.1.el6.x86_64
Installing libtool-ltdl-2.2.6-15.5.el6.x86_64
Installing libasyncns-0.8-1.1.el6.x86_64
Installing xz-libs-4.999.9-0.3.beta.20091007git.el6.x86_64
Installing glibmm24-2.22.1-1.el6.x86_64
Installing shared-mime-info-0.70-4.el6.x86_64
Installing libtiff-3.9.4-9.el6_3.x86_64
Installing which-2.19-6.el6.x86_64
Installing pcre-7.8-6.el6.x86_64
Installing grep-2.6.3-3.el6.x86_64
Installing libnl-1.1-14.el6.x86_64
Installing btparser-0.17-1.el6.x86_64
Installing libXau-1.0.6-4.el6.x86_64
Installing libxcb-1.8.1-1.el6.x86_64
Installing libgpg-error-1.7-4.el6.x86_64
Installing libgcrypt-1.4.5-9.el6_2.2.x86_64
Installing libxslt-1.1.26-2.el6_3.1.x86_64
Installing libusb1-1.0.9-0.6.rc1.el6.x86_64
Installing redhat-menus-14.0.0-3.el6.noarch
Installing findutils-4.4.2-6.el6.x86_64
Installing cyrus-sasl-lib-2.1.23-13.el6_3.1.x86_64
Installing gmp-4.3.1-7.el6_2.2.x86_64
Installing xmlrpc-c-1.16.24-1209.1840.el6.x86_64
Installing file-libs-5.04-15.el6.x86_64
Installing libcap-ng-0.6.4-3.el6_0.1.x86_64
Installing dbus-1.2.24-7.el6_3.x86_64
Installing hal-libs-0.5.14-11.el6.x86_64
Installing bluez-libs-4.66-1.el6.x86_64
Installing apr-1.3.9-5.el6_2.x86_64
Installing bzip2-1.0.5-7.el6_0.x86_64
Installing libidn-1.18-2.el6.x86_64
Installing libtalloc-2.0.7-2.el6.x86_64
Installing pciutils-libs-3.1.10-2.el6.x86_64
Installing lcms-libs-1.19-1.el6.x86_64
Installing libtasn1-2.3-3.el6_2.1.x86_64
Installing gnutls-2.8.5-10.el6.x86_64
Installing plymouth-core-libs-0.8.3-27.el6.centos.x86_64
Installing apr-util-1.3.9-3.el6_0.1.x86_64
Installing elfutils-libs-0.152-1.el6.x86_64
Installing lua-5.1.4-4.1.el6.x86_64
Installing libgtop2-2.28.0-3.el6.x86_64
Installing procps-3.2.8-25.el6.x86_64
Installing psmisc-22.6-15.el6_0.1.x86_64
Installing libtheora-1.1.0-2.el6.x86_64
Installing flac-1.2.1-6.1.el6.x86_64
Installing libatasmart-0.17-4.el6_2.x86_64
Installing exempi-2.1.0-5.el6.x86_64
Installing jasper-libs-1.900.1-15.el6_1.1.x86_64
Installing e2fsprogs-libs-1.41.12-14.el6.x86_64
Installing cpio-2.10-11.el6_3.x86_64
Installing hunspell-1.2.8-16.el6.x86_64
Installing enchant-1.5.0-4.el6.x86_64
Installing sg3_utils-libs-1.28-4.el6.x86_64
Installing gdbm-1.8.0-36.el6.x86_64
Installing perl-Pod-Escapes-1.04-129.el6.x86_64
Installing perl-version-0.77-129.el6.x86_64
Installing perl-Module-Pluggable-3.90-129.el6.x86_64
Installing perl-Pod-Simple-3.13-129.el6.x86_64
Installing perl-libs-5.10.1-129.el6.x86_64
Installing perl-5.10.1-129.el6.x86_64
Installing pixman-0.26.2-4.el6.x86_64
Installing liboil-0.3.16-4.1.el6.x86_64
Installing libv4l-0.6.3-2.el6.x86_64
Installing libraw1394-2.0.4-1.el6.x86_64
Installing openjpeg-libs-1.3-9.el6_3.x86_64
Installing plymouth-graphics-libs-0.8.3-27.el6.centos.x86_64
Installing usbmuxd-1.0.2-1.el6.x86_64
Installing xcb-util-0.3.6-1.el6.x86_64
Installing xz-4.999.9-0.3.beta.20091007git.el6.x86_64
Installing libutempter-1.1.5-4.1.el6.x86_64
Installing libplist-1.2-1.el6.x86_64
Installing libIDL-0.8.13-2.1.el6.x86_64
Installing ORBit2-2.14.17-3.2.el6_3.x86_64
Installing libbonobo-2.24.2-5.el6.x86_64
Installing libao-0.8.8-7.1.el6.x86_64
Installing libselinux-utils-2.0.94-5.3.el6.x86_64
Installing checkpolicy-2.0.22-1.el6.x86_64
Installing tar-1.23-11.el6.x86_64
Installing acl-2.2.49-6.el6.x86_64
Installing openobex-1.4-7.el6.x86_64
Installing pinentry-0.7.6-6.el6.x86_64
Installing binutils-2.20.51.0.2-5.36.el6.x86_64
Installing boost-system-1.41.0-11.el6_1.2.x86_64
Installing libfontenc-1.0.5-2.el6.x86_64
Installing libXfont-1.4.5-2.el6.x86_64
Installing libtar-1.2.11-17.el6.x86_64
Installing cdparanoia-libs-10.2-5.1.el6.x86_64
Installing libedit-2.11-4.20080712cvs.1.el6.x86_64
Installing libXdmcp-1.1.1-3.el6.x86_64
Installing libical-0.43-6.el6.x86_64
Installing pth-2.0.7-9.3.el6.x86_64
Installing libiptcdata-1.0.4-2.1.el6.x86_64
Installing fuse-libs-2.8.3-4.el6.x86_64
Installing dmidecode-2.11-2.el6.x86_64
Installing sysvinit-tools-2.87-4.dsf.el6.x86_64
Installing libpcap-1.0.0-6.20091201git117cb5.el6.x86_64
Installing lm_sensors-libs-3.1.1-17.el6.x86_64
Installing mtdev-1.1.2-5.el6.x86_64
Installing libieee1284-0.2.11-9.el6.x86_64
Installing cdparanoia-10.2-5.1.el6.x86_64
Installing xorg-x11-font-utils-7.2-11.el6.x86_64
Installing boost-filesystem-1.41.0-11.el6_1.2.x86_64
Installing obexd-0.19-2.el6.x86_64
Installing cdrdao-1.2.3-4.el6.x86_64
Installing libimobiledevice-0.9.7-4.el6.x86_64
Installing xz-lzma-compat-4.999.9-0.3.beta.20091007git.el6.x86_64
Installing libavc1394-0.5.3-9.1.el6.x86_64
Installing libiec61883-1.2.0-4.el6.x86_64
Installing libshout-2.2.2-5.1.el6.x86_64
Installing tmpwatch-2.9.16-4.el6.x86_64
Installing elfutils-0.152-1.el6.x86_64
Installing mod_dnssd-0.6-2.el6.x86_64
Installing file-5.04-15.el6.x86_64
Installing ppl-0.10.2-11.el6.x86_64
Installing cloog-ppl-0.15.7-1.2.el6.x86_64
Installing mpfr-2.4.1-6.el6.x86_64
Installing cpp-4.4.7-3.el6.x86_64
Installing iw-0.9.17-4.el6.x86_64
Installing gstreamer-tools-0.10.29-1.el6.x86_64
Installing gstreamer-0.10.29-1.el6.x86_64
Installing grubby-7.0.15-3.el6.x86_64
Installing nss-softokn-3.12.9-11.el6.x86_64
Installing bc-1.06.95-1.el6.x86_64
Installing ModemManager-0.4.0-3.git20100628.el6.x86_64
Installing polkit-desktop-policy-0.96-2.el6_0.1.noarch
Installing lockdev-1.0.1-18.el6.x86_64
Installing libgphoto2-2.4.7-4.el6.x86_64
Installing MAKEDEV-3.24-6.el6.x86_64
Installing eggdbus-0.6-3.el6.x86_64
Installing dbus-c++-0.5.0-0.10.20090203git13281b3.1.el6.x86_64
Installing libcroco-0.6.2-5.el6.x86_64
Installing vim-minimal-7.2.411-1.8.el6.x86_64
Installing net-tools-1.60-110.el6_2.x86_64
Installing gnome-doc-utils-stylesheets-0.18.1-1.el6.noarch
Installing tcp_wrappers-7.6-57.el6.x86_64
Installing db4-utils-4.7.25-17.el6.x86_64
Installing device-mapper-persistent-data-0.1.4-1.el6.x86_64
Installing libopenraw-0.0.5-4.1.el6.x86_64
Installing libss-1.41.12-14.el6.x86_64
Installing e2fsprogs-1.41.12-14.el6.x86_64
Installing portreserve-0.0.4-9.el6.x86_64
Installing libgomp-4.4.7-3.el6.x86_64
Installing diffutils-2.8.1-28.el6.x86_64
Installing libcdio-0.81-3.1.el6.x86_64
Installing m4-1.4.13-5.el6.x86_64
Installing mtools-4.0.12-1.el6.x86_64
Installing taglib-1.6.1-1.1.el6.x86_64
Installing libicu-4.2.1-9.1.el6_2.x86_64
Installing libnih-1.0.1-7.el6.x86_64
Installing upstart-0.6.5-12.el6.x86_64
Installing liberation-sans-fonts-1.05.1.20090721-5.el6.noarch
Installing kpathsea-2007-57.el6_2.x86_64
Installing psutils-1.17-34.el6.x86_64
Installing pnm2ppa-1.04-19.el6.x86_64
Installing vim-common-7.2.411-1.8.el6.x86_64
Installing dash-0.5.5.1-4.el6.x86_64
Installing glibc-headers-2.12-1.107.el6.x86_64
Installing glibc-devel-2.12-1.107.el6.x86_64
Installing ncurses-5.7-3.20090208.el6.x86_64
Installing groff-1.18.1.4-21.el6.x86_64
Installing less-436-10.el6.x86_64
Installing coreutils-libs-8.4-19.el6.x86_64
Installing gzip-1.3.12-18.el6.x86_64
Installing cracklib-2.8.16-4.el6.x86_64
Installing cracklib-dicts-2.8.16-4.el6.x86_64
Installing coreutils-8.4-19.el6.x86_64
Installing pam-1.1.1-13.el6.x86_64
Installing fontconfig-2.8.0-3.el6.x86_64
Installing alsa-lib-1.0.22-3.el6.x86_64
Installing libsndfile-1.0.20-5.el6.x86_64
Installing redhat-logos-60.0.14-12.el6.centos.noarch
Installing hicolor-icon-theme-0.11-1.1.el6.noarch
Installing module-init-tools-3.9-21.el6.x86_64
Installing hwdata-0.233-7.9.el6.noarch
Installing libpciaccess-0.13.1-2.el6.x86_64
Installing libsamplerate-0.1.7-2.1.el6.x86_64
Installing plymouth-scripts-0.8.3-27.el6.centos.x86_64
Installing poppler-0.12.4-3.el6_0.1.x86_64
Installing ConsoleKit-libs-0.4.1-3.el6.x86_64
Installing polkit-0.96-2.el6_0.1.x86_64
Installing ConsoleKit-0.4.1-3.el6.x86_64
Installing logrotate-3.7.8-16.el6.x86_64
Installing sound-theme-freedesktop-0.7-3.el6.noarch
Installing xdg-utils-1.0.2-17.20091016cvs.el6.noarch
Installing sgml-common-0.6.3-32.el6.noarch
Installing genisoimage-1.1.9-12.el6.x86_64
Installing dvd+rw-tools-7.1-6.el6.x86_64
Installing docbook-dtds-1.0-51.el6.noarch
Installing ppp-2.4.5-5.el6.x86_64
Installing rtkit-0.5-1.el6.x86_64
Installing poppler-utils-0.12.4-3.el6_0.1.x86_64
Installing pciutils-3.1.10-2.el6.x86_64
Installing alsa-utils-1.0.22-5.el6.x86_64
Installing urw-fonts-2.4-10.el6.noarch
Installing ghostscript-fonts-5.50-23.1.el6.noarch
Installing wodim-1.1.9-12.el6.x86_64
Installing nss-3.14.0.0-12.el6.x86_64
Installing nss-sysinit-3.14.0.0-12.el6.x86_64
Installing NetworkManager-glib-0.8.1-43.el6.x86_64
Installing nss-tools-3.14.0.0-12.el6.x86_64
Installing openldap-2.4.23-31.el6.x86_64
Installing GConf2-2.28.0-6.el6.x86_64
Installing libuser-0.56.13-5.el6.x86_64
Installing gconfmm26-2.28.0-1.el6.x86_64
Installing passwd-0.77-4.el6_2.2.x86_64
Installing libgsf-1.14.15-5.el6.x86_64
Installing apr-util-ldap-1.3.9-3.el6_0.1.x86_64
Installing libaio-0.3.107-10.el6.x86_64
Installing dosfstools-3.0.9-4.el6.x86_64
Installing ethtool-3.5-1.el6.x86_64
Installing mingetty-1.08-5.el6.x86_64
Installing numactl-2.0.7-6.el6.x86_64
Installing paps-libs-0.6.8-13.el6.2.x86_64
Installing hdparm-9.16-3.4.el6.x86_64
Installing pbm2l7k-990321-8.el6.x86_64
Installing pbm2l2030-1.4-5.1.el6.x86_64
Installing min12xxw-0.0.9-5.1.el6.x86_64
Installing lx-20030328-5.1.el6.x86_64
Installing cjet-0.8.9-9.1.el6.x86_64
Installing c2070-0.99-7.el6.x86_64
Installing c2050-0.3b-3.1.el6.x86_64
Installing libffi-3.0.5-3.2.el6.x86_64
Installing gpm-libs-1.20.6-12.el6.x86_64
Installing libdaemon-0.14-1.el6.x86_64
Installing avahi-autoipd-0.6.25-12.el6.x86_64
Installing libisofs-0.6.32-1.el6.x86_64
Installing libburn-0.7.0-2.el6.x86_64
Installing sgpio-1.2.0.10-5.el6.x86_64
Installing libvpx-0.9.0-8.el6_0.x86_64
Installing libmpcdec-1.2.6-6.1.el6.x86_64
Installing gsm-1.0.13-4.el6.x86_64
Installing libvisual-0.4.0-9.1.el6.x86_64
Installing wavpack-4.60-1.1.el6.x86_64
Installing libdv-1.0.0-8.1.el6.x86_64
Installing keyutils-libs-1.4-4.el6.x86_64
Installing krb5-libs-1.10.3-10.el6.x86_64
Installing openssl-1.0.0-27.el6.x86_64
Installing python-libs-2.6.6-36.el6.x86_64
Installing python-2.6.6-36.el6.x86_64
Installing cups-libs-1.4.2-48.el6_3.3.x86_64
Installing gnome-vfs2-2.24.2-6.el6.x86_64
Installing dbus-python-0.83.0-6.1.el6.x86_64
Installing gnome-menus-2.28.0-4.el6.x86_64
Installing pygobject2-2.20.0-5.el6.x86_64
Installing libarchive-2.8.3-4.el6_2.x86_64
Installing python-ethtool-0.6-3.el6.x86_64
Installing libuser-python-0.56.13-5.el6.x86_64
Installing libxml2-python-2.7.6-8.el6_3.4.x86_64
Installing libselinux-python-2.0.94-5.3.el6.x86_64
Installing python-slip-0.2.20-1.el6_2.noarch
Installing pyorbit-2.24.0-5.el6.x86_64
Installing libssh2-1.4.2-1.el6.x86_64
Installing libcurl-7.19.7-35.el6.x86_64
Installing xmlrpc-c-client-1.16.24-1209.1840.el6.x86_64
Installing curl-7.19.7-35.el6.x86_64
Installing rpm-libs-4.8.0-32.el6.x86_64
Installing rpm-4.8.0-32.el6.x86_64
Installing rpm-python-4.8.0-32.el6.x86_64
Installing net-snmp-libs-5.5-44.el6.x86_64
Installing mailx-12.4-6.el6.x86_64
Installing sos-2.2-38.el6.centos.noarch
Installing man-1.6f-32.el6.x86_64
Installing gnupg2-2.0.14-4.el6.x86_64
Installing gpgme-1.1.8-3.el6.x86_64
Installing pygpgme-0.1-18.20090824bzr68.el6.x86_64
Installing python-pycurl-7.19.0-8.el6.x86_64
Installing python-urlgrabber-3.9.1-8.el6.noarch
Installing vorbis-tools-1.2.0-7.el6.x86_64
Installing icedax-1.1.9-12.el6.x86_64
Installing system-config-keyboard-base-1.3.1-4.el6.x86_64
Installing cracklib-python-2.8.16-4.el6.x86_64
Installing yum-metadata-parser-1.1.2-16.el6.x86_64
Installing python-iniparse-0.3.1-2.1.el6.noarch
Installing yum-plugin-fastestmirror-1.1.30-14.el6.noarch
Installing yum-3.2.29-40.el6.centos.noarch
Installing python-markupsafe-0.9.2-4.el6.x86_64
Installing python-beaker-1.3.1-6.el6.noarch
Installing python-mako-0.3.4-1.el6.noarch
Installing python-decorator-3.0.1-3.1.el6.noarch
Installing python-slip-dbus-0.2.20-1.el6_2.noarch
Installing pyxf86config-0.3.37-7.1.el6.x86_64
Installing libproxy-bin-0.3.0-3.el6_3.x86_64
Installing libproxy-0.3.0-3.el6_3.x86_64
Installing libproxy-python-0.3.0-3.el6_3.x86_64
Installing libreport-plugin-rhtsupport-2.0.9-15.el6.centos.x86_64
Installing libreport-python-2.0.9-15.el6.centos.x86_64
Installing libreport-compat-2.0.9-15.el6.centos.x86_64
Installing libreport-2.0.9-15.el6.centos.x86_64
Installing libreport-plugin-reportuploader-2.0.9-15.el6.centos.x86_64
Installing abrt-libs-2.0.8-15.el6.centos.x86_64
Installing abrt-2.0.8-15.el6.centos.x86_64
Installing abrt-addon-ccpp-2.0.8-15.el6.centos.x86_64
Installing abrt-addon-python-2.0.8-15.el6.centos.x86_64
Installing abrt-tui-2.0.8-15.el6.centos.x86_64
Installing libreport-plugin-kerneloops-2.0.9-15.el6.centos.x86_64
Installing abrt-addon-kerneloops-2.0.8-15.el6.centos.x86_64
Installing libreport-plugin-mailx-2.0.9-15.el6.centos.x86_64
Installing libreport-plugin-logger-2.0.9-15.el6.centos.x86_64
Installing libreport-cli-2.0.9-15.el6.centos.x86_64
Installing wpa_supplicant-0.7.3-4.el6_3.x86_64
Installing bind-libs-9.8.2-0.17.rc1.el6.x86_64
Installing mysql-libs-5.1.66-2.el6_3.x86_64
Installing fipscheck-lib-1.2.0-7.el6.x86_64
Installing fipscheck-1.2.0-7.el6.x86_64
Installing httpd-tools-2.2.15-26.el6.centos.x86_64
Installing libdiscid-0.2.2-4.1.el6.x86_64
Installing ustr-1.0.4-9.1.el6.x86_64
Installing libsemanage-2.0.43-4.2.el6.x86_64
Installing libmcpp-2.7.2-4.1.el6.x86_64
Installing mcpp-2.7.2-4.1.el6.x86_64
Installing slang-2.2.1-1.el6.x86_64
Installing newt-0.52.11-3.el6.x86_64
Installing newt-python-0.52.11-3.el6.x86_64
Installing authconfig-6.1.12-13.el6.x86_64
Installing libreport-newt-2.0.9-15.el6.centos.x86_64
Installing libthai-0.1.12-3.el6.x86_64
Installing pakchois-0.4-3.2.el6.x86_64
Installing neon-0.29.3-2.el6.x86_64
Installing libmusicbrainz3-3.0.2-7.el6.x86_64
Installing smp_utils-0.94-4.el6.x86_64
Installing libwacom-data-0.5-4.el6.noarch
Installing libwacom-0.5-4.el6.x86_64
Installing libX11-common-1.5.0-4.el6.noarch
Installing libX11-1.5.0-4.el6.x86_64
Installing libXext-1.3.1-2.el6.x86_64
Installing libXrender-0.9.7-2.el6.x86_64
Installing cairo-1.8.8-3.1.el6.x86_64
Installing startup-notification-0.10-2.1.el6.x86_64
Installing libXrandr-1.4.0-1.el6.x86_64
Installing libXfixes-5.0-3.el6.x86_64
Installing libXi-1.6.1-3.el6.x86_64
Installing libXtst-1.2.1-2.el6.x86_64
Installing pulseaudio-libs-0.9.21-14.el6_3.x86_64
Installing libcanberra-0.22-1.el6.centos.x86_64
Installing libXxf86vm-1.1.2-2.el6.x86_64
Installing libXinerama-1.1.2-2.el6.x86_64
Installing libXdamage-1.1.3-4.el6.x86_64
Installing libXv-1.0.7-2.el6.x86_64
Installing libXt-1.1.3-1.el6.x86_64
Installing libXcursor-1.1.13-2.el6.x86_64
Installing dbus-x11-1.2.24-7.el6_3.x86_64
Installing libXcomposite-0.4.3-4.el6.x86_64
Installing ghostscript-8.70-14.el6_3.1.x86_64
Installing cairomm-1.8.0-2.1.el6.x86_64
Installing libXxf86misc-1.0.3-4.el6.x86_64
Installing libspectre-0.2.4-1.el6.x86_64
Installing libXmu-1.1.1-2.el6.x86_64
Installing xorg-x11-server-utils-7.5-13.el6.x86_64
Installing libXvMC-1.0.7-2.el6.x86_64
Installing pulseaudio-libs-glib2-0.9.21-14.el6_3.x86_64
Installing festival-speechtools-libs-1.2.96-18.el6.x86_64
Installing pycairo-1.8.6-2.1.el6.x86_64
Installing libXft-2.3.1-2.el6.x86_64
Installing pango-1.28.1-7.el6_3.x86_64
Installing gtk2-2.18.9-12.el6.x86_64
Installing gnome-keyring-2.28.2-8.el6_3.x86_64
Installing pygtk2-2.16.0-3.el6.x86_64
Installing libcanberra-gtk2-0.22-1.el6.centos.x86_64
Installing libsoup-2.28.2-4.el6.x86_64
Installing libglade2-2.6.4-3.1.el6.x86_64
Installing libgnomecanvas-2.26.0-4.el6.x86_64
Installing gstreamer-plugins-base-0.10.29-2.el6.x86_64
Installing unique-1.1.4-2.el6.x86_64
Installing gnome-icon-theme-2.28.0-2.el6.noarch
Installing gnome-python2-2.28.0-3.el6.x86_64
Installing pygtk2-libglade-2.16.0-3.el6.x86_64
Installing librsvg2-2.26.0-5.el6_1.1.0.1.centos.x86_64
Installing totem-pl-parser-2.28.3-1.el6.x86_64
Installing at-spi-1.28.1-2.el6.centos.x86_64
Installing gstreamer-plugins-good-0.10.23-1.el6.x86_64
Installing libgweather-2.28.0-5.el6.x86_64
Installing evolution-data-server-2.28.3-16.el6.x86_64
Installing gnome-bluetooth-libs-2.28.6-8.el6.x86_64
Installing pangomm-2.26.0-1.el6.x86_64
Installing gtkmm24-2.18.2-1.el6.x86_64
Installing brasero-libs-2.28.3-6.el6.x86_64
Installing brasero-2.28.3-6.el6.x86_64
Installing gnome-python2-gconf-2.28.0-3.el6.x86_64
Installing gnome-python2-gnomevfs-2.28.0-3.el6.x86_64
Installing gnome-python2-canvas-2.28.0-3.el6.x86_64
Installing gnome-python2-desktop-2.28.0-4.el6.x86_64
Installing gnome-keyring-pam-2.28.2-8.el6_3.x86_64
Installing polkit-gnome-0.96-3.el6.x86_64
Installing poppler-glib-0.12.4-3.el6_0.1.x86_64
Installing evince-libs-2.28.2-14.el6_0.1.x86_64
Installing gdm-libs-2.30.4-39.el6.x86_64
Installing gtksourceview2-2.8.2-4.el6.x86_64
Installing avahi-ui-0.6.25-12.el6.x86_64
Installing obex-data-server-0.4.3-4.el6.x86_64
Installing libXScrnSaver-1.2.2-2.el6.x86_64
Installing libxkbfile-1.0.6-1.1.el6.x86_64
Installing libxklavier-4.0-9.el6.x86_64
Installing libgnomekbd-2.28.2-2.el6.x86_64
Installing xorg-x11-xkb-utils-7.7-4.el6.x86_64
Installing xorg-x11-server-common-1.13.0-11.el6.centos.x86_64
Installing pygtksourceview-2.8.0-1.el6.x86_64
Installing gnome-python2-gnomekeyring-2.28.0-4.el6.x86_64
Installing gnome-mag-0.15.9-2.el6.x86_64
Installing gstreamer-plugins-bad-free-0.10.19-2.el6.x86_64
Installing gnome-python2-extras-2.25.3-20.el6.x86_64
Installing gnome-media-2.29.91-6.el6.x86_64
Installing gnome-media-libs-2.29.91-6.el6.x86_64
Installing gstreamer-python-0.10.16-1.1.el6.x86_64
Installing geoclue-0.11.1.1-0.13.20091026git73b6729.el6.x86_64
Installing webkitgtk-1.2.6-2.el6_0.x86_64
Installing pywebkitgtk-1.1.6-3.el6.x86_64
Installing libreport-gtk-2.0.9-15.el6.centos.x86_64
Installing gutenprint-5.2.5-2.el6.x86_64
Installing GConf2-gtk-2.28.0-6.el6.x86_64
Installing gtk2-engines-2.18.4-5.el6.centos.x86_64
Installing gnome-themes-2.28.1-6.el6.noarch
Installing system-icon-theme-6.0.0-2.el6.noarch
Installing system-gnome-theme-60.0.2-1.el6.noarch
Installing libgnome-2.28.0-11.el6.x86_64
Installing libbonoboui-2.24.2-3.el6.x86_64
Installing gnome-panel-libs-2.30.2-14.el6.x86_64
Installing libgnomeui-2.24.1-4.el6.x86_64
Installing gnome-python2-gnome-2.28.0-3.el6.x86_64
Installing gnome-desktop-2.28.2-11.el6.centos.x86_64
Installing gnome-python2-bonobo-2.28.0-3.el6.x86_64
Installing gnome-python2-libegg-2.25.3-20.el6.x86_64
Installing gnome-python2-applet-2.28.0-4.el6.x86_64
Installing at-spi-python-1.28.1-2.el6.centos.x86_64
Installing libgail-gnome-1.20.1-4.1.el6.centos.x86_64
Installing libpanelappletmm-2.26.0-3.el6.x86_64
Installing gnome-utils-libs-2.28.1-10.el6.x86_64
Installing gtkspell-2.0.16-1.el6.x86_64
Installing libopenraw-gnome-0.0.5-4.1.el6.x86_64
Installing pinentry-gtk-0.7.6-6.el6.x86_64
Installing libfprint-0.1.0-19.pre2.el6.x86_64
Installing fprintd-0.1-20.git04fd09cfa.el6.x86_64
Installing fprintd-pam-0.1-20.git04fd09cfa.el6.x86_64
Installing plymouth-plugin-label-0.8.3-27.el6.centos.x86_64
Installing plymouth-plugin-two-step-0.8.3-27.el6.centos.x86_64
Installing plymouth-theme-rings-0.8.3-27.el6.centos.noarch
Installing festival-lib-1.96-18.el6.x86_64
Installing festvox-slt-arctic-hts-0.20061229-18.el6.noarch
Installing festival-1.96-18.el6.x86_64
Installing gnome-speech-0.4.25-3.1.el6.x86_64
Installing xorg-x11-xauth-1.0.2-7.1.el6.x86_64
Installing pulseaudio-utils-0.9.21-14.el6_3.x86_64
Installing libdmx-1.1.2-2.el6.x86_64
Installing libXxf86dga-1.1.3-2.el6.x86_64
Installing libXres-1.0.6-2.el6.x86_64
Installing libwnck-2.28.0-3.el6.x86_64
Installing notification-daemon-0.5.0-1.el6.x86_64
Installing libnotify-0.5.0-1.el6.x86_64
Installing xulrunner-10.0.12-1.el6.centos.x86_64
Installing notify-python-0.1.1-10.el6.x86_64
Installing gnome-python2-libwnck-2.28.0-4.el6.x86_64
Installing ConsoleKit-x11-0.4.1-3.el6.x86_64
Installing xorg-x11-xinit-1.0.9-13.el6.x86_64
Installing xdg-user-dirs-0.12-4.el6.x86_64
Installing mailcap-2.1.31-2.el6.noarch
Installing comps-extras-17.8-1.el6.noarch
Installing PackageKit-gtk-module-0.5.8-21.el6.x86_64
Installing PackageKit-glib-0.5.8-21.el6.x86_64
Installing PackageKit-yum-plugin-0.5.8-21.el6.x86_64
Installing PackageKit-0.5.8-21.el6.x86_64
Installing PackageKit-yum-0.5.8-21.el6.x86_64
Installing PackageKit-device-rebind-0.5.8-21.el6.x86_64
Installing busybox-1.15.1-15.el6.x86_64
Installing kbd-misc-1.15-11.el6.noarch
Installing centos-release-6-4.el6.centos.10.x86_64
Installing policycoreutils-2.0.83-19.30.el6.x86_64
Installing iptables-1.4.7-9.el6.x86_64
Installing iproute-2.6.32-23.el6.x86_64
Installing iputils-20071127-16.el6.x86_64
Installing initscripts-9.03.38-1.el6.centos.x86_64
Installing util-linux-ng-2.17.2-12.9.el6.x86_64
Installing udev-147-2.46.el6.x86_64
Installing libdrm-2.4.39-1.el6.x86_64
Installing mesa-libGL-9.0-0.7.el6.x86_64
Installing mesa-dri1-drivers-7.11-8.el6.x86_64
Installing mesa-dri-drivers-9.0-0.7.el6.x86_64
Installing cups-1.4.2-48.el6_3.3.x86_64
Installing usermode-1.102-3.el6.x86_64
Installing usermode-gtk-1.102-3.el6.x86_64
Installing plymouth-0.8.3-27.el6.centos.x86_64
Installing device-mapper-libs-1.02.77-9.el6.x86_64
Installing device-mapper-1.02.77-9.el6.x86_64
Installing device-mapper-event-libs-1.02.77-9.el6.x86_64
Installing openssh-5.3p1-84.1.el6.x86_64
Installing device-mapper-event-1.02.77-9.el6.x86_64
Installing kpartx-0.4.9-64.el6.x86_64
Installing mesa-libGLU-9.0-0.7.el6.x86_64
Installing mdadm-3.2.5-4.el6.x86_64
Installing rarian-0.8.1-5.1.el6.x86_64
Installing rarian-compat-0.8.1-5.1.el6.x86_64
Installing zenity-2.28.0-1.el6.x86_64
Installing metacity-2.28.0-23.el6.x86_64
Installing kbd-1.15-11.el6.x86_64
Installing dracut-004-303.el6.noarch
Installing dracut-kernel-004-303.el6.noarch
Installing gucharmap-2.28.2-2.el6.x86_64
Installing gnome-user-docs-2.28.0-4.el6.noarch
Installing yelp-2.28.1-13.el6_2.x86_64
Installing system-config-users-docs-1.0.8-1.el6.noarch
Installing system-config-users-1.2.106-7.el6.noarch
Installing glx-utils-9.0-0.7.el6.x86_64
Installing compiz-0.8.2-24.el6.x86_64
Installing dmraid-1.0.0.rc16-11.el6.x86_64
Installing dmraid-events-1.0.0.rc16-11.el6.x86_64
Installing lvm2-libs-2.02.98-9.el6.x86_64
Installing openssh-clients-5.3p1-84.1.el6.x86_64
Installing python-meh-0.12.1-3.el6.noarch
Installing parted-2.1-19.el6.x86_64
Installing udisks-1.0.1-4.el6.x86_64
Installing gnome-disk-utility-libs-2.30.1-2.el6.x86_64
Installing gvfs-1.4.3-15.el6.x86_64
Installing nautilus-extensions-2.28.4-19.el6.x86_64
Installing nautilus-2.28.4-19.el6.x86_64
Installing gvfs-obexftp-1.4.3-15.el6.x86_64
Installing gnome-disk-utility-ui-libs-2.30.1-2.el6.x86_64
Installing cryptsetup-luks-libs-1.2.0-7.el6.x86_64
Installing cryptsetup-luks-1.2.0-7.el6.x86_64
Installing pm-utils-1.2.5-10.el6.x86_64
Installing hal-info-20090716-3.1.el6.noarch
Installing hal-0.5.14-11.el6.x86_64
Installing DeviceKit-power-014-3.el6.x86_64
Installing libmtp-1.0.1-2.el6.x86_64
Installing libgpod-0.7.2-6.el6.x86_64
Installing system-setup-keyboard-0.7-4.el6.x86_64
Installing xorg-x11-drv-void-1.4.0-3.el6.x86_64
Installing xorg-x11-drv-vesa-2.3.2-4.el6.x86_64
Installing xorg-x11-drv-evdev-2.7.3-5.el6.x86_64
Installing xorg-x11-server-Xorg-1.13.0-11.el6.centos.x86_64
Installing xorg-x11-drv-wacom-0.16.1-3.el6.x86_64
Installing gnome-settings-daemon-2.28.2-30.el6.x86_64
Installing control-center-2.28.1-38.el6.x86_64
Installing gnome-session-2.28.0-18.el6.x86_64
Installing desktop-effects-0.8.4-7.el6.x86_64
Installing gnome-session-xsession-2.28.0-18.el6.x86_64
Installing gnome-panel-2.30.2-14.el6.x86_64
Installing xorg-x11-drv-xgi-1.6.0-18.20121114git.el6.x86_64
Installing xorg-x11-drv-voodoo-1.2.5-3.el6.x86_64
Installing xorg-x11-drv-vmware-12.0.2-3.20120718gite5ac80d8f.el6.x86_64
Installing xorg-x11-drv-vmmouse-12.9.0-10.el6.x86_64
Installing xorg-x11-drv-v4l-0.2.0-6.el6.x86_64
Installing xorg-x11-drv-trident-1.3.6-4.el6.x86_64
Installing xorg-x11-drv-tdfx-1.4.5-2.el6.x86_64
Installing xorg-x11-drv-synaptics-1.6.2-11.el6.x86_64
Installing xorg-x11-drv-sisusb-0.9.6-2.el6.x86_64
Installing xorg-x11-drv-sis-0.10.7-2.el6.x86_64
Installing xorg-x11-drv-siliconmotion-1.7.7-2.el6.x86_64
Installing xorg-x11-drv-savage-2.3.6-2.el6.x86_64
Installing xorg-x11-drv-s3virge-1.10.6-2.el6.x86_64
Installing xorg-x11-drv-rendition-4.2.5-2.el6.x86_64
Installing xorg-x11-drv-r128-6.9.1-1.el6.x86_64
Installing xorg-x11-drv-qxl-0.1.0-4.el6.x86_64
Installing xorg-x11-drv-penmount-1.5.0-4.el6.x86_64
Installing xorg-x11-drv-openchrome-0.3.0-3.20120806git.el6.x86_64
Installing xorg-x11-drv-nv-2.1.20-4.el6.x86_64
Installing xorg-x11-drv-mutouch-1.3.0-4.el6.x86_64
Installing xorg-x11-drv-mouse-1.8.1-7.el6.x86_64
Installing xorg-x11-drv-modesetting-0.5.0-1.el6.x86_64
Installing xorg-x11-drv-mga-1.6.1-7.el6.x86_64
Installing xorg-x11-drv-mach64-6.9.3-4.el6.x86_64
Installing xorg-x11-drv-keyboard-1.6.2-7.el6.x86_64
Installing xorg-x11-drv-i740-1.3.4-5.el6.x86_64
Installing xorg-x11-drv-i128-1.3.6-3.el6.x86_64
Installing xorg-x11-drv-hyperpen-1.4.1-4.el6.x86_64
Installing xorg-x11-drv-glint-1.2.8-3.el6.x86_64
Installing xorg-x11-drv-fpit-1.4.0-5.el6.x86_64
Installing xorg-x11-drv-fbdev-0.4.3-2.el6.x86_64
Installing xorg-x11-drv-elographics-1.4.1-2.el6.x86_64
Installing xorg-x11-drv-dummy-0.3.6-2.el6.x86_64
Installing xorg-x11-drv-cirrus-1.5.1-2.el6.x86_64
Installing xorg-x11-drv-ast-0.97.0-2.el6.x86_64
Installing xorg-x11-drv-apm-1.2.5-5.el6.x86_64
Installing xorg-x11-drv-aiptek-1.4.1-4.el6.x86_64
Installing xorg-x11-drv-acecad-1.5.0-6.el6.x86_64
Installing plymouth-utils-0.8.3-27.el6.centos.x86_64
Installing plymouth-gdm-hooks-0.8.3-27.el6.centos.x86_64
Installing gdm-2.30.4-39.el6.x86_64
Installing pulseaudio-gdm-hooks-0.9.21-14.el6_3.x86_64
Installing authconfig-gtk-6.1.12-13.el6.x86_64
Installing setuptool-1.19.9-3.el6.x86_64
Installing foomatic-db-ppds-4.0-7.20091126.el6.noarch
Installing foomatic-db-4.0-7.20091126.el6.noarch
Installing ptouch-driver-1.3-2.1.el6.x86_64
Installing media-player-info-6-1.el6.noarch
Installing crda-1.1.1_2010.11.22-1.el6.x86_64
Installing wireless-tools-29-5.1.1.el6.x86_64
Installing python-iwlib-0.1-1.2.el6.x86_64
Installing hplip-common-3.12.4-4.el6.x86_64
Installing sane-backends-libs-gphoto2-1.0.21-3.el6.x86_64
Installing sane-backends-1.0.21-3.el6.x86_64
Installing sane-backends-libs-1.0.21-3.el6.x86_64
Installing hplip-libs-3.12.4-4.el6.x86_64
Installing cyrus-sasl-2.1.23-13.el6_3.1.x86_64
Installing postfix-2.6.6-2.2.el6_1.x86_64
Installing rsyslog-5.8.10-6.el6.x86_64
Installing crontabs-1.10-33.el6.noarch
Installing cronie-anacron-1.4.4-7.el6.x86_64
Installing cronie-1.4.4-7.el6.x86_64
Installing ntpdate-4.2.4p8-3.el6.centos.x86_64
Installing ntp-4.2.4p8-3.el6.centos.x86_64
Installing system-config-date-docs-1.0.11-1.el6.noarch
Installing system-config-date-1.9.60-1.el6.centos.noarch
Installing system-config-keyboard-1.3.1-4.el6.x86_64
Installing firstboot-1.110.14-1.el6.x86_64
Installing dnsmasq-2.48-13.el6.x86_64
Installing vte-0.25.1-7.el6.x86_64
Installing gnome-terminal-2.31.3-8.el6.x86_64
Installing httpd-2.2.15-26.el6.centos.x86_64
Installing net-snmp-5.5-44.el6.x86_64
Installing samba-winbind-clients-3.6.9-151.el6.x86_64
Installing samba-common-3.6.9-151.el6.x86_64
Installing samba-winbind-3.6.9-151.el6.x86_64
Installing libsmbclient-3.6.9-151.el6.x86_64
Installing system-config-printer-libs-1.1.16-23.el6.x86_64
Installing iptables-ipv6-1.4.7-9.el6.x86_64
Installing system-config-firewall-base-1.2.27-5.el6.noarch
Installing system-config-firewall-tui-1.2.27-5.el6.noarch
Installing selinux-policy-3.7.19-195.el6.noarch
Installing redhat-bookmarks-6-1.el6.centos.noarch
Installing dhcp-common-4.1.1-34.P1.el6.centos.x86_64
Installing dhclient-4.1.1-34.P1.el6.centos.x86_64
Installing cjkuni-fonts-common-0.2.20080216.1-35.el6.noarch
Installing mobile-broadband-provider-info-1.20100122-1.el6.noarch
Installing NetworkManager-0.8.1-43.el6.x86_64
Installing centos-indexhtml-6-1.el6.centos.noarch
Installing kernel-firmware-2.6.32-358.el6.noarch
Installing kernel-2.6.32-358.el6.x86_64
Installing pulseaudio-0.9.21-14.el6_3.x86_64
Installing pulseaudio-module-bluetooth-0.9.21-14.el6_3.x86_64
Installing bluez-4.66-1.el6.x86_64
Installing gnome-bluetooth-2.28.6-8.el6.x86_64
Installing fuse-2.8.3-4.el6.x86_64
Installing gvfs-fuse-1.4.3-15.el6.x86_64
Installing totem-2.28.6-2.el6.x86_64
Installing xorg-x11-drv-nouveau-1.0.1-3.el6.x86_64
Installing xorg-x11-drv-intel-2.20.2-2.el6.x86_64
Installing xorg-x11-drv-ati-6.99.99-1.el6.x86_64
Installing xorg-x11-drivers-7.3-13.4.el6.x86_64
Installing totem-nautilus-2.28.6-2.el6.x86_64
Installing alsa-plugins-pulseaudio-1.0.21-3.el6.x86_64
Installing pulseaudio-module-x11-0.9.21-14.el6_3.x86_64
Installing pulseaudio-module-gconf-0.9.21-14.el6_3.x86_64
Installing systemtap-runtime-1.8-7.el6.x86_64
Installing pcmciautils-015-4.2.el6.x86_64
Installing firefox-10.0.12-1.el6.centos.x86_64
Installing NetworkManager-gnome-0.8.1-43.el6.x86_64
Installing cjkuni-uming-fonts-0.2.20080216.1-35.el6.noarch
Installing selinux-policy-targeted-3.7.19-195.el6.noarch
Installing system-config-firewall-1.2.27-5.el6.noarch
Installing system-config-printer-udev-1.1.16-23.el6.x86_64
Installing system-config-printer-1.1.16-23.el6.x86_64
Installing gvfs-smb-1.4.3-15.el6.x86_64
Installing gnome-vfs2-smb-2.24.2-6.el6.x86_64
Installing hpijs-3.12.4-4.el6.x86_64
Installing gnome-user-share-2.28.2-3.el6.x86_64
Installing nautilus-open-terminal-0.17-4.el6.x86_64
Installing sysstat-9.0.4-20.el6.x86_64
Installing system-config-network-tui-1.6.0.el6.2-1.el6.noarch
Installing rhythmbox-0.12.8-1.el6.x86_64
Installing printer-filters-1.1-4.1.el6.noarch
Installing foomatic-4.0.4-1.el6_1.1.x86_64
Installing gdm-user-switch-applet-2.30.4-39.el6.x86_64
Installing gdm-plugin-fingerprint-2.30.4-39.el6.x86_64
Installing gnome-applets-2.28.0-7.el6.centos.x86_64
Installing compiz-gnome-0.8.2-24.el6.x86_64
Installing control-center-extra-2.28.1-38.el6.x86_64
Installing orca-2.28.2-1.el6.x86_64
Installing wacomexpresskeys-0.4.2-3.el6.x86_64
Installing gnome-power-manager-2.28.3-6.el6_2.x86_64
Installing gnome-packagekit-2.28.3-7.el6.x86_64
Installing gnome-disk-utility-2.30.1-2.el6.x86_64
Installing evince-2.28.2-14.el6_0.1.x86_64
Installing nautilus-sendto-2.28.2-3.el6.x86_64
Installing file-roller-2.28.2-6.el6.x86_64
Installing brasero-nautilus-2.28.3-6.el6.x86_64
Installing gvfs-archive-1.4.3-15.el6.x86_64
Installing gvfs-afc-1.4.3-15.el6.x86_64
Installing gvfs-gphoto2-1.4.3-15.el6.x86_64
Installing lvm2-2.02.98-9.el6.x86_64
Installing kexec-tools-2.0.0-258.el6.x86_64
Installing gedit-2.28.4-3.el6.x86_64
Installing eog-2.28.2-4.el6.x86_64
Installing gok-2.28.1-5.el6.x86_64
Installing gnome-system-monitor-2.28.0-11.el6.x86_64
Installing gnome-utils-2.28.1-10.el6.x86_64
Installing seahorse-2.28.1-4.el6.x86_64
Installing gcalctool-5.28.2-3.el6.x86_64
Installing gthumb-2.10.11-8.el6.x86_64
Installing sound-juicer-2.28.1-6.el6.x86_64
Installing openssh-server-5.3p1-84.1.el6.x86_64
Installing openssh-askpass-5.3p1-84.1.el6.x86_64
Installing gutenprint-cups-5.2.5-2.el6.x86_64
Installing bfa-firmware-3.0.3.1-1.el6.noarch
Installing iwl5150-firmware-8.24.2.2-1.el6.noarch
Installing iwl100-firmware-39.31.5.1-1.el6.noarch
Installing iwl6050-firmware-41.28.5.1-2.el6.noarch
Installing b43-openfwwf-5.2-4.el6.noarch
Installing iwl6000g2a-firmware-17.168.5.3-1.el6.noarch
Installing aic94xx-firmware-30-2.el6.noarch
Installing iwl6000-firmware-9.221.4.1-1.el6.noarch
Installing iwl1000-firmware-39.31.5.1-1.el6.noarch
Installing biosdevname-0.4.1-3.el6.x86_64
Installing readahead-1.5.6-1.el6.x86_64
Installing virt-what-1.11-1.2.el6.x86_64
Installing prelink-0.4.6-3.el6.x86_64
Installing quota-3.17-18.el6.x86_64
Installing acpid-1.0.10-2.1.el6.x86_64
Installing rng-tools-2-13.el6_2.x86_64
Installing microcode_ctl-1.17-14.el6.x86_64
Installing cpuspeed-1.5-19.el6.x86_64
Installing smartmontools-5.43-1.el6.x86_64
Installing spice-vdagent-0.12.0-4.el6.x86_64
Installing PackageKit-gstreamer-plugin-0.5.8-21.el6.x86_64
Installing xdg-user-dirs-gtk-0.8-7.el6.x86_64
Installing vino-2.28.1-8.el6_3.x86_64
Installing xorg-x11-utils-7.5-6.el6.x86_64
Installing plymouth-system-theme-0.8.3-27.el6.centos.noarch
Installing gnote-0.6.3-3.el6.x86_64
Installing gnome-screensaver-2.28.3-24.el6.x86_64
Installing cheese-2.28.1-7.el6.x86_64
Installing mousetweaks-2.28.2-1.el6.x86_64
Installing evince-dvi-2.28.2-14.el6_0.1.x86_64
Installing totem-mozplugin-2.28.6-2.el6.x86_64
Installing nspluginwrapper-1.4.4-1.el6_3.x86_64
Installing paps-0.6.8-13.el6.2.x86_64
Installing xvattr-1.3-18.el6.x86_64
Installing ntsysv-1.3.49.3-2.el6.x86_64
Installing bind-utils-9.8.2-0.17.rc1.el6.x86_64
Installing abrt-cli-2.0.8-15.el6.centos.x86_64
Installing yum-plugin-security-1.1.30-14.el6.noarch
Installing yum-utils-1.1.30-14.el6.noarch
Installing man-pages-overrides-6.4.1-1.el6.noarch
Installing cups-pk-helper-0.0.4-12.el6.x86_64
Installing grub-0.97-81.el6.x86_64
Installing blktrace-1.0.1-6.el6.x86_64
Installing vim-enhanced-7.2.411-1.8.el6.x86_64
Installing wget-1.12-1.8.el6.x86_64
Installing tcpdump-4.0.0-3.20090921gitdf3cb4.2.el6.x86_64
Installing irqbalance-1.0.4-3.el6.x86_64
Installing sudo-1.8.6p3-7.el6.x86_64
Installing pinfo-0.6.9-12.el6.x86_64
Installing usbutils-003-4.el6.x86_64
Installing at-3.1.10-43.el6_2.1.x86_64
Installing pam_passwdqc-1.0.5-6.el6.x86_64
Installing audit-2.2-2.el6.x86_64
Installing psacct-6.3.2-63.el6_3.3.x86_64
Installing tcsh-6.17-24.el6.x86_64
Installing gcc-4.4.7-3.el6.x86_64
Installing enscript-1.6.4-15.el6.x86_64
Installing ledmon-0.74-1.el6.x86_64
Installing hunspell-en-0.20090216-7.1.el6.noarch
Installing efibootmgr-0.5.4-10.el6.x86_64
Installing cyrus-sasl-plain-2.1.23-13.el6_3.1.x86_64
Installing kernel-devel-2.6.32-358.el6.x86_64
Installing mlocate-0.22.2-4.el6.x86_64
Installing patch-2.6-6.el6.x86_64
Installing lsof-4.82-4.el6.x86_64
Installing unzip-6.0-1.el6.x86_64
Installing rsync-3.0.6-9.el6.x86_64
Installing make-3.81-20.el6.x86_64
Installing ed-1.1-3.3.el6.x86_64
Installing nano-2.0.9-7.el6.x86_64
Installing time-1.7-37.1.el6.x86_64
Installing attr-2.4.44-7.el6.x86_64
Installing scl-utils-20120927-2.el6.x86_64
Installing wdaemon-0.17-5.el6.x86_64
Installing jomolhari-fonts-0.003-8.1.el6.noarch
Installing wqy-zenhei-fonts-0.9.45-3.el6.noarch
Installing dejavu-serif-fonts-2.30-2.el6.noarch
Installing lohit-assamese-fonts-2.4.3-5.el6.noarch
Installing lohit-bengali-fonts-2.4.3-6.el6.noarch
Installing lklug-fonts-0.6-4.20090803cvs.el6.noarch
Installing dejavu-sans-mono-fonts-2.30-2.el6.noarch
Installing liberation-serif-fonts-1.05.1.20090721-5.el6.noarch
Installing thai-scalable-waree-fonts-0.4.12-2.1.el6.noarch
Installing abyssinica-fonts-1.0-5.1.el6.noarch
Installing lohit-kannada-fonts-2.4.5-6.el6.noarch
Installing khmeros-base-fonts-5.0-9.el6.noarch
Installing paktype-tehreer-fonts-2.0-8.el6.noarch
Installing kurdit-unikurd-web-fonts-20020502-6.el6.noarch
Installing tibetan-machine-uni-fonts-1.901-5.el6.noarch
Installing liberation-mono-fonts-1.05.1.20090721-5.el6.noarch
Installing lohit-devanagari-fonts-2.4.3-7.el6.noarch
Installing vlgothic-fonts-20091202-2.el6.noarch
Installing smc-meera-fonts-04.2-11.el6.noarch
Installing lohit-gujarati-fonts-2.4.4-4.el6.noarch
Installing paktype-naqsh-fonts-2.0-8.el6.noarch
Installing sil-padauk-fonts-2.6.1-1.el6.noarch
Installing lohit-punjabi-fonts-2.4.4-2.el6.noarch
Installing dejavu-sans-fonts-2.30-2.el6.noarch
Installing un-core-dotum-fonts-1.0.2-0.15.080608.el6.noarch
Installing lohit-tamil-fonts-2.4.5-5.el6.noarch
Installing stix-fonts-0.9-13.1.el6.noarch
Installing lohit-telugu-fonts-2.4.5-6.el6.noarch
Installing madan-fonts-2.000-3.el6.noarch
Installing lohit-oriya-fonts-2.4.3-6.el6.noarch
Installing mtr-0.75-5.el6.x86_64
Installing traceroute-2.0.14-2.el6.x86_64
Installing setserial-2.17-25.el6.x86_64
Installing vconfig-1.9-8.1.el6.x86_64
Installing zip-3.0-1.el6.x86_64
Installing rfkill-0.3-4.el6.x86_64
Installing rdate-1.4-16.el6.x86_64
Installing bridge-utils-1.2-10.el6.x86_64
Installing eject-2.1.5-17.el6.x86_64
Installing strace-4.5.19-1.17.el6.x86_64
Installing b43-fwcutter-012-2.2.el6.x86_64
Installing scenery-backgrounds-6.0.0-1.el6.noarch
Installing gnome-backgrounds-2.28.0-2.el6.noarch
Installing man-pages-3.22-20.el6.noarch
Installing words-3.0-17.el6.noarch
Installing ql2400-firmware-5.08.00-1.el6.noarch
Installing iwl5000-firmware-8.83.5.1_1-1.el6_1.1.noarch
Installing ql2100-firmware-1.19.38-3.1.el6.noarch
Installing ivtv-firmware-20080701-20.2.noarch
Installing libertas-usb8388-firmware-5.110.22.p23-3.1.el6.noarch
Installing xorg-x11-drv-ati-firmware-6.99.99-1.el6.noarch
Installing ql2500-firmware-5.08.00-1.el6.noarch
Installing atmel-firmware-1.3-7.el6.noarch
Installing zd1211-firmware-1.4-4.el6.noarch
Installing iwl4965-firmware-228.61.2.24-2.1.el6.noarch
Installing rt61pci-firmware-1.2-7.el6.noarch
Installing iwl3945-firmware-15.32.2.9-4.el6.noarch
Installing ql2200-firmware-2.02.08-3.1.el6.noarch
Installing rt73usb-firmware-1.8-7.el6.noarch
Installing ipw2100-firmware-1.3-11.el6.noarch
Installing ql23xx-firmware-3.03.27-3.1.el6.noarch
Installing ipw2200-firmware-3.1-4.el6.noarch
Installing rootfiles-8.1-6.1.el6.noarch
*** FINISHED INSTALLING PACKAGES ***